==63484== Memcheck, a memory error detector
==63484== Copyright (C) 2002-2017, and GNU GPL'd, by Julian Seward et al.
==63484== Using Valgrind-3.16.1 and LibVEX; rerun with -h for copyright info
==63484== Command: ./cub3D map.cub
==63484== 
==63484== 
==63484== HEAP SUMMARY:
==63484==     in use at exit: 80,525 bytes in 127 blocks
==63484==   total heap usage: 1,680 allocs, 1,553 frees, 713,204 bytes allocated
==63484== 
==63484== LEAK SUMMARY:
==63484==    definitely lost: 0 bytes in 0 blocks
==63484==    indirectly lost: 0 bytes in 0 blocks
==63484==      possibly lost: 0 bytes in 0 blocks
==63484==    still reachable: 80,525 bytes in 127 blocks
==63484==         suppressed: 0 bytes in 0 blocks
==63484== Reachable blocks (those to which a pointer was found) are not shown.
==63484== To see them, rerun with: --leak-check=full --show-leak-kinds=all
==63484== 
==63484== For lists of detected and suppressed errors, rerun with: -s
==63484== ERROR SUMMARY: 0 errors from 0 contexts (suppressed: 2 from 1)
